<?xml version="1.0" encoding="UTF-8"?>
<!-- Generated by org.testng.reporters.JUnitXMLReporter -->
<testsuite ignored="0" hostname="GAURANGA-PC" failures="1" tests="1" name="BankManagerLoginTest" time="5.365" errors="0" timestamp="2021-05-02T10:44:06 IST">
  <testcase classname="com.SeleniumLearn.testCases.BankManagerLoginTest" name="loginAsBankManager" time="5.308">
    <failure type="java.lang.AssertionError" message="login not successul">
      <![CDATA[java.lang.AssertionError: login not successul
at com.SeleniumLearn.testCases.BankManagerLoginTest.loginAsBankManager(BankManagerLoginTest.java:26)
at java.base/java.util.ArrayList.forEach(ArrayList.java:1511)
... Removed 28 stack frames]]>
    </failure>
  </testcase> <!-- loginAsBankManager -->
</testsuite> <!-- BankManagerLoginTest -->
